<?xml version="1.0" encoding="UTF-8"?>
<testsuite name="TestSuite" time="777.932" tests="4" errors="0" skipped="0" failures="4">
  <properties>
    <property name="java.runtime.name" value="Java(TM) SE Runtime Environment"/>
    <property name="sun.boot.library.path" value="C:\Program Files\Java\jdk1.8.0\jre\bin"/>
    <property name="java.vm.version" value="25.0-b55"/>
    <property name="java.vm.vendor" value="Oracle Corporation"/>
    <property name="maven.multiModuleProjectDirectory" value="D:\New Workspace\eSign"/>
    <property name="java.vendor.url" value="http://java.oracle.com/"/>
    <property name="path.separator" value=";"/>
    <property name="guice.disable.misplaced.annotation.check" value="true"/>
    <property name="java.vm.name" value="Java HotSpot(TM) 64-Bit Server VM"/>
    <property name="file.encoding.pkg" value="sun.io"/>
    <property name="user.script" value=""/>
    <property name="user.country" value="IN"/>
    <property name="sun.java.launcher" value="SUN_STANDARD"/>
    <property name="sun.os.patch.level" value=""/>
    <property name="java.vm.specification.name" value="Java Virtual Machine Specification"/>
    <property name="user.dir" value="D:\New Workspace\eSign"/>
    <property name="java.runtime.version" value="1.8.0-ea-b113"/>
    <property name="java.awt.graphicsenv" value="sun.awt.Win32GraphicsEnvironment"/>
    <property name="java.endorsed.dirs" value="C:\Program Files\Java\jdk1.8.0\jre\lib\endorsed"/>
    <property name="os.arch" value="amd64"/>
    <property name="java.io.tmpdir" value="C:\Users\IBALL~1\AppData\Local\Temp\"/>
    <property name="line.separator" value="&#10;"/>
    <property name="java.vm.specification.vendor" value="Oracle Corporation"/>
    <property name="user.variant" value=""/>
    <property name="os.name" value="Windows 7"/>
    <property name="classworlds.conf" value="D:\New Workspace\.metadata\.plugins\org.eclipse.m2e.launching\launches\m2conf9131549099357466133.tmp"/>
    <property name="sun.jnu.encoding" value="Cp1252"/>
    <property name="java.library.path" value="C:\Program Files\Java\jdk1.8.0\jre\bin;C:\Windows\Sun\Java\bin;C:\Windows\system32;C:\Windows;C:\Windows\system32;C:\Windows;C:\Windows\System32\Wbem;C:\Windows\System32\WindowsPowerShell\v1.0\;D:\Software\apache-maven-3.5.2\bin;C:\Program Files\Java\jdk1.8.0\bin;C:\Users\Public\Downloads\apache-maven-3.5.2\bin;C:\Program Files\Git\cmd;."/>
    <property name="java.specification.name" value="Java Platform API Specification"/>
    <property name="java.class.version" value="52.0"/>
    <property name="sun.management.compiler" value="HotSpot 64-Bit Tiered Compilers"/>
    <property name="os.version" value="6.1"/>
    <property name="user.home" value="C:\Users\i ball"/>
    <property name="user.timezone" value="Asia/Calcutta"/>
    <property name="java.awt.printerjob" value="sun.awt.windows.WPrinterJob"/>
    <property name="java.specification.version" value="1.8"/>
    <property name="file.encoding" value="Cp1252"/>
    <property name="user.name" value="i ball"/>
    <property name="java.class.path" value="/D:/Chirag/Software/eclipse/plugins/org.eclipse.m2e.maven.runtime_1.6.2.20150902-0001/jars/plexus-classworlds-2.5.2.jar"/>
    <property name="java.vm.specification.version" value="1.8"/>
    <property name="sun.arch.data.model" value="64"/>
    <property name="java.home" value="C:\Program Files\Java\jdk1.8.0\jre"/>
    <property name="sun.java.command" value="org.codehaus.plexus.classworlds.launcher.Launcher -B install"/>
    <property name="java.specification.vendor" value="Oracle Corporation"/>
    <property name="user.language" value="en"/>
    <property name="awt.toolkit" value="sun.awt.windows.WToolkit"/>
    <property name="java.vm.info" value="mixed mode"/>
    <property name="java.version" value="1.8.0-ea"/>
    <property name="java.ext.dirs" value="C:\Program Files\Java\jdk1.8.0\jre\lib\ext;C:\Windows\Sun\Java\lib\ext"/>
    <property name="sun.boot.class.path" value="C:\Program Files\Java\jdk1.8.0\jre\lib\resources.jar;C:\Program Files\Java\jdk1.8.0\jre\lib\rt.jar;C:\Program Files\Java\jdk1.8.0\jre\lib\sunrsasign.jar;C:\Program Files\Java\jdk1.8.0\jre\lib\jsse.jar;C:\Program Files\Java\jdk1.8.0\jre\lib\jce.jar;C:\Program Files\Java\jdk1.8.0\jre\lib\charsets.jar;C:\Program Files\Java\jdk1.8.0\jre\lib\jfr.jar;C:\Program Files\Java\jdk1.8.0\jre\classes"/>
    <property name="java.vendor" value="Oracle Corporation"/>
    <property name="maven.home" value="D:\New Workspace\eSign\EMBEDDED"/>
    <property name="file.separator" value="\"/>
    <property name="java.vendor.url.bug" value="http://bugreport.sun.com/bugreport/"/>
    <property name="sun.cpu.endian" value="little"/>
    <property name="sun.io.unicode.encoding" value="UnicodeLittle"/>
    <property name="sun.desktop" value="windows"/>
    <property name="sun.cpu.isalist" value="amd64"/>
  </properties>
  <testcase name="TC_DB_07" classname="com.automation.index.PackageIndex" time="193.252">
    <failure message="Index: 0, Size: 0" type="java.lang.IndexOutOfBoundsException">java.lang.IndexOutOfBoundsException: Index: 0, Size: 0
	at java.util.ArrayList.rangeCheck(ArrayList.java:638)
	at java.util.ArrayList.get(ArrayList.java:414)
	at sun.reflect.NativeMethodAccessorImpl.invoke0(Native Method)
	at sun.reflect.NativeMethodAccessorImpl.invoke(NativeMethodAccessorImpl.java:57)
	at sun.reflect.DelegatingMethodAccessorImpl.invoke(DelegatingMethodAccessorImpl.java:43)
	at java.lang.reflect.Method.invoke(Method.java:483)
	at org.openqa.selenium.support.pagefactory.internal.LocatingElementListHandler.invoke(LocatingElementListHandler.java:39)
	at com.sun.proxy.$Proxy9.get(Unknown Source)
	at com.automation.indexpage.PackageIndexpage.chooseAttchments(PackageIndexpage.java:142)
	at com.automation.index.PackageIndex.TC_DB_07(PackageIndex.java:1104)
</failure>
    <system-out><![CDATA[[TestNGContentHandler] [WARN] It is strongly recommended to add "<!DOCTYPE suite SYSTEM "http://testng.org/testng-1.0.dtd" >" at the top of your file, otherwise TestNG may fail or not work as expected.
...
... TestNG 6.14.2 by CÃ©dric Beust (cedric@beust.com)
...

Call getURL.......
full path D:\New Workspace\eSign\Resources\Credential.xlsx con D:\New Workspace\eSign\Resources\Credential.xlsx
 Before Test 
Set up Start =====
creating directory: 
DIR created
full path D:\New Workspace\eSign\Resources\Credential.xlsx con D:\New Workspace\eSign\Resources\Credential.xlsx
=========Chorme Driver ==========
Call getURL.......
full path D:\New Workspace\eSign\Resources\Credential.xlsx con D:\New Workspace\eSign\Resources\Credential.xlsx
======Abstract Page======
======Abstract Page======
TC_DB_07: Verify resend email notiication on update email address for relationship manager.
Step 1 Enter Username.
full path D:\New Workspace\eSign\Resources\Credential.xlsx con D:\New Workspace\eSign\Resources\Credential.xlsx
  -> Username entered: sy1-dev09-owner@e-signsolutions.com
Step 2 Enter Password.
full path D:\New Workspace\eSign\Resources\Credential.xlsx con D:\New Workspace\eSign\Resources\Credential.xlsx
  -> Password entered: N#abe7dd95b55c1d635349395d8d9244
Step 3 Click on Login button.
Waiting for the element to be clickable.
======Abstract Page======
Verify user has logged in successfuly.
Welcome DEV09 Account
full path D:\New Workspace\eSign\Resources\Credential.xlsx con D:\New Workspace\eSign\Resources\Credential.xlsx

Step 4 Select workflow from dropdown.
Step 5 Click on 'Create' Button.
======Abstract Page======
Step 6 Enter 'Borrower 1:' details to create package.
  -> Internl Reference: Reference_DsWNz
  -> First Name: autoFnamegEuOkliFvr
  -> Last Name: autoLnameeuvYIrxoTD
  -> Email : auto_MsXkMeOuMmYnqwiuXFVx@mailinator.com
  -> Mobile Number : +61444444444
Step 7 Choose any random WAFR Attachments.
  -> 1 Attachments going to be select.
]]></system-out>
    <system-err><![CDATA[File Path ==================D:\New Workspace\eSign\Resources\chromedriver_2_41.exe
Oct 16, 2018 11:11:49 AM org.openqa.selenium.remote.DesiredCapabilities chrome
INFO: Using `new ChromeOptions()` is preferred to `DesiredCapabilities.chrome()`
Starting ChromeDriver 2.41.578737 (49da6702b16031c40d63e5618de03a32ff6c197e) on port 47808
Only local connections are allowed.
Oct 16, 2018 11:11:52 AM org.openqa.selenium.remote.ProtocolHandshake createSession
INFO: Detected dialect: OSS
]]></system-err>
  </testcase>
  <testcase name="TC_DB_09" classname="com.automation.index.PackageIndex" time="193.213">
    <failure message="Index: 0, Size: 0" type="java.lang.IndexOutOfBoundsException">java.lang.IndexOutOfBoundsException: Index: 0, Size: 0
	at java.util.ArrayList.rangeCheck(ArrayList.java:638)
	at java.util.ArrayList.get(ArrayList.java:414)
	at sun.reflect.GeneratedMethodAccessor2.invoke(Unknown Source)
	at sun.reflect.DelegatingMethodAccessorImpl.invoke(DelegatingMethodAccessorImpl.java:43)
	at java.lang.reflect.Method.invoke(Method.java:483)
	at org.openqa.selenium.support.pagefactory.internal.LocatingElementListHandler.invoke(LocatingElementListHandler.java:39)
	at com.sun.proxy.$Proxy9.get(Unknown Source)
	at com.automation.indexpage.PackageIndexpage.chooseAttchments(PackageIndexpage.java:142)
	at com.automation.index.PackageIndex.TC_DB_09(PackageIndex.java:1439)
</failure>
    <system-out><![CDATA[
======================++++   >>  
TEST FAILED - TC_DB_07

ERROR MESSAGE: java.lang.IndexOutOfBoundsException: Index: 0, Size: 0


Failed to capture screenshot: Destination 'E:\Project\eSign\test-output\Screenshot\screenshots' directory cannot be created
<br><Strong><font color=#FF0000>--Failed</font></strong>
<a href='screenshots/1016111513659TC_DB_07.png' target='_new'>1016111513659TC_DB_07.png</a>
<h3>Failure Reason:</h3>
java.lang.IndexOutOfBoundsException: Index: 0, Size: 0
Fail
<hr size='15px' noshade color='red'>
Call getURL.......
full path D:\New Workspace\eSign\Resources\Credential.xlsx con D:\New Workspace\eSign\Resources\Credential.xlsx
 Before Test 
Set up Start =====
creating directory: 
DIR created
full path D:\New Workspace\eSign\Resources\Credential.xlsx con D:\New Workspace\eSign\Resources\Credential.xlsx
=========Chorme Driver ==========
Call getURL.......
full path D:\New Workspace\eSign\Resources\Credential.xlsx con D:\New Workspace\eSign\Resources\Credential.xlsx
======Abstract Page======
======Abstract Page======
TC_DB_09: Verify E2E sign workflow for resent package for one signer.
Step 1 Enter Username.
full path D:\New Workspace\eSign\Resources\Credential.xlsx con D:\New Workspace\eSign\Resources\Credential.xlsx
  -> Username entered: sy1-dev09-owner@e-signsolutions.com
Step 2 Enter Password.
full path D:\New Workspace\eSign\Resources\Credential.xlsx con D:\New Workspace\eSign\Resources\Credential.xlsx
  -> Password entered: N#abe7dd95b55c1d635349395d8d9244
Step 3 Click on Login button.
Waiting for the element to be clickable.
======Abstract Page======
Verify user has logged in successfuly.
Welcome DEV09 Account
full path D:\New Workspace\eSign\Resources\Credential.xlsx con D:\New Workspace\eSign\Resources\Credential.xlsx

Step 4 Select workflow from dropdown.
Step 5 Click on 'Create' Button.
======Abstract Page======
Step 6 Enter 'Borrower 1:' details to create package.
  -> Internl Reference: Reference_PHnno
  -> First Name: autoFnamepfhZJHcFCr
  -> Last Name: autoLnameqnuKrukQsA
  -> Email : auto_AwCjlxFHsDIeoyhCnDMW@mailinator.com
  -> Mobile Number : +61444444444
Step 7 Choose any random WAFR Attachments.
  -> 1 Attachments going to be select.
]]></system-out>
    <system-err><![CDATA[----------->         null
Oct 16, 2018 11:15:13 AM org.openqa.selenium.remote.Augmenter extractRemoteWebDriver
WARNING: Augmenter should be applied to the instances of @Augmentable classes or previously augmented instances only (instance class was: class org.openqa.selenium.chrome.ChromeDriver)
File Path ==================D:\New Workspace\eSign\Resources\chromedriver_2_41.exe
Oct 16, 2018 11:15:16 AM org.openqa.selenium.remote.DesiredCapabilities chrome
INFO: Using `new ChromeOptions()` is preferred to `DesiredCapabilities.chrome()`
Starting ChromeDriver 2.41.578737 (49da6702b16031c40d63e5618de03a32ff6c197e) on port 24629
Only local connections are allowed.
Oct 16, 2018 11:15:19 AM org.openqa.selenium.remote.ProtocolHandshake createSession
INFO: Detected dialect: OSS
]]></system-err>
  </testcase>
  <testcase name="TC_DB_10" classname="com.automation.index.PackageIndex" time="198.874">
    <failure message="Index: 5, Size: 0" type="java.lang.IndexOutOfBoundsException">java.lang.IndexOutOfBoundsException: Index: 5, Size: 0
	at java.util.ArrayList.rangeCheck(ArrayList.java:638)
	at java.util.ArrayList.get(ArrayList.java:414)
	at sun.reflect.GeneratedMethodAccessor2.invoke(Unknown Source)
	at sun.reflect.DelegatingMethodAccessorImpl.invoke(DelegatingMethodAccessorImpl.java:43)
	at java.lang.reflect.Method.invoke(Method.java:483)
	at org.openqa.selenium.support.pagefactory.internal.LocatingElementListHandler.invoke(LocatingElementListHandler.java:39)
	at com.sun.proxy.$Proxy9.get(Unknown Source)
	at com.automation.indexpage.PackageIndexpage.warfAttachmentRM(PackageIndexpage.java:603)
	at com.automation.index.PackageIndex.TC_DB_10(PackageIndex.java:1620)
</failure>
    <system-out><![CDATA[
======================++++   >>  
TEST FAILED - TC_DB_09

ERROR MESSAGE: java.lang.IndexOutOfBoundsException: Index: 0, Size: 0


Failed to capture screenshot: Destination 'E:\Project\eSign\test-output\Screenshot\screenshots' directory cannot be created
<br><Strong><font color=#FF0000>--Failed</font></strong>
<a href='screenshots/1016111839718TC_DB_09.png' target='_new'>1016111839718TC_DB_09.png</a>
<h3>Failure Reason:</h3>
java.lang.IndexOutOfBoundsException: Index: 0, Size: 0
Fail
<hr size='15px' noshade color='red'>
Call getURL.......
full path D:\New Workspace\eSign\Resources\Credential.xlsx con D:\New Workspace\eSign\Resources\Credential.xlsx
 Before Test 
Set up Start =====
creating directory: 
DIR created
full path D:\New Workspace\eSign\Resources\Credential.xlsx con D:\New Workspace\eSign\Resources\Credential.xlsx
=========Chorme Driver ==========
Call getURL.......
full path D:\New Workspace\eSign\Resources\Credential.xlsx con D:\New Workspace\eSign\Resources\Credential.xlsx
======Abstract Page======
======Abstract Page======
TC_DB_10: Verify Draft Package status changed to Sent for three signer.
Step 1 Enter Username.
full path D:\New Workspace\eSign\Resources\Credential.xlsx con D:\New Workspace\eSign\Resources\Credential.xlsx
  -> Username entered: sy1-dev09-owner@e-signsolutions.com
Step 2 Enter Password.
full path D:\New Workspace\eSign\Resources\Credential.xlsx con D:\New Workspace\eSign\Resources\Credential.xlsx
  -> Password entered: N#abe7dd95b55c1d635349395d8d9244
Step 3 Click on Login button.
Waiting for the element to be clickable.
======Abstract Page======
Verify user has logged in successfuly.
Welcome DEV09 Account
full path D:\New Workspace\eSign\Resources\Credential.xlsx con D:\New Workspace\eSign\Resources\Credential.xlsx

Step 4 Select workflow from dropdown.
Step 5 Click on 'Create' Button.
======Abstract Page======
Step 6 Enter 'Borrower 1:' details to create package.
  -> Internl Reference: Reference_pOZpU
  -> First Name: autoFnamecGrySqVjwo
  -> Last Name: autoLnameUekEEwRKDb
  -> Email : auto_prVsCnajbRqMkABjMNcl@mailinator.com
  -> Mobile Number : +61444444444
Step 7 Choose any random WAFR Attachments.
  -> 0 Attachments going to be select.
Step 8 Enter 'Guarantor 1:' details to create package.
Waiting for the element to be clickable.
  -> Select Gurantor 1 Check box to enter details.
  -> Guarantor First Name: autoGFnameLfONxPFDSB
  -> Guarantor Last Name: autoGLnameAtAyFyNfsk
  -> Guarantor Email : auto_G_pIBxDsLQHuZsHMdbDRoR@mailinator.com
  -> Guarantor Mobile Number : +61444444444
Step 9 Enter 'Relationship Manager:' details to create package.
Waiting for the element to be clickable.
  -> Select Relationship Manager Check box to enter details.
  -> Relationship Manager First Name: autoRFnameDiWwIDTwzo
  -> Relationship Manager Last Name: autoRLnameTkRdizfneW
  -> Relationship Manager Email : auto_R_dVHNnOlPMqhBYeZkBruC@mailinator.com
  -> Relationship Manager Mobile Number : +61444444444
Step 10 Choose any random WAFR Attachments for Relationship Manager.
]]></system-out>
    <system-err><![CDATA[----------->         null
Oct 16, 2018 11:18:39 AM org.openqa.selenium.remote.Augmenter extractRemoteWebDriver
WARNING: Augmenter should be applied to the instances of @Augmentable classes or previously augmented instances only (instance class was: class org.openqa.selenium.chrome.ChromeDriver)
File Path ==================D:\New Workspace\eSign\Resources\chromedriver_2_41.exe
Oct 16, 2018 11:18:42 AM org.openqa.selenium.remote.DesiredCapabilities chrome
INFO: Using `new ChromeOptions()` is preferred to `DesiredCapabilities.chrome()`
Starting ChromeDriver 2.41.578737 (49da6702b16031c40d63e5618de03a32ff6c197e) on port 47747
Only local connections are allowed.
Oct 16, 2018 11:18:45 AM org.openqa.selenium.remote.ProtocolHandshake createSession
INFO: Detected dialect: OSS
]]></system-err>
  </testcase>
  <testcase name="TC_DB_11" classname="com.automation.index.PackageIndex" time="192.593">
    <failure message="Index: 0, Size: 0" type="java.lang.IndexOutOfBoundsException">java.lang.IndexOutOfBoundsException: Index: 0, Size: 0
	at java.util.ArrayList.rangeCheck(ArrayList.java:638)
	at java.util.ArrayList.get(ArrayList.java:414)
	at sun.reflect.GeneratedMethodAccessor2.invoke(Unknown Source)
	at sun.reflect.DelegatingMethodAccessorImpl.invoke(DelegatingMethodAccessorImpl.java:43)
	at java.lang.reflect.Method.invoke(Method.java:483)
	at org.openqa.selenium.support.pagefactory.internal.LocatingElementListHandler.invoke(LocatingElementListHandler.java:39)
	at com.sun.proxy.$Proxy9.get(Unknown Source)
	at com.automation.indexpage.PackageIndexpage.chooseAttchments(PackageIndexpage.java:142)
	at com.automation.index.PackageIndex.TC_DB_11(PackageIndex.java:1782)
</failure>
    <system-out><![CDATA[
======================++++   >>  
TEST FAILED - TC_DB_10

ERROR MESSAGE: java.lang.IndexOutOfBoundsException: Index: 5, Size: 0


Failed to capture screenshot: Destination 'E:\Project\eSign\test-output\Screenshot\screenshots' directory cannot be created
<br><Strong><font color=#FF0000>--Failed</font></strong>
<a href='screenshots/1016112211375TC_DB_10.png' target='_new'>1016112211375TC_DB_10.png</a>
<h3>Failure Reason:</h3>
java.lang.IndexOutOfBoundsException: Index: 5, Size: 0
Fail
<hr size='15px' noshade color='red'>
Call getURL.......
full path D:\New Workspace\eSign\Resources\Credential.xlsx con D:\New Workspace\eSign\Resources\Credential.xlsx
 Before Test 
Set up Start =====
creating directory: 
DIR created
full path D:\New Workspace\eSign\Resources\Credential.xlsx con D:\New Workspace\eSign\Resources\Credential.xlsx
=========Chorme Driver ==========
Call getURL.......
full path D:\New Workspace\eSign\Resources\Credential.xlsx con D:\New Workspace\eSign\Resources\Credential.xlsx
======Abstract Page======
======Abstract Page======
TC_DB_11: Verify E2E sign workflow for resent package for three signer.
Step 1 Enter Username.
full path D:\New Workspace\eSign\Resources\Credential.xlsx con D:\New Workspace\eSign\Resources\Credential.xlsx
  -> Username entered: sy1-dev09-owner@e-signsolutions.com
Step 2 Enter Password.
full path D:\New Workspace\eSign\Resources\Credential.xlsx con D:\New Workspace\eSign\Resources\Credential.xlsx
  -> Password entered: N#abe7dd95b55c1d635349395d8d9244
Step 3 Click on Login button.
Waiting for the element to be clickable.
======Abstract Page======
Verify user has logged in successfuly.
Welcome DEV09 Account
full path D:\New Workspace\eSign\Resources\Credential.xlsx con D:\New Workspace\eSign\Resources\Credential.xlsx

Step 4 Select workflow from dropdown.
Step 5 Click on 'Create' Button.
======Abstract Page======
Step 6 Enter 'Borrower 1:' details to create package.
  -> Internl Reference: Reference_Dbnff
  -> First Name: autoFnameZNkdKfmryY
  -> Last Name: autoLnameUiRJmOBAbf
  -> Email : auto_rrQpfiPyTsIIEjMThlaW@mailinator.com
  -> Mobile Number : +61444444444
Step 7 Choose any random WAFR Attachments.
  -> 1 Attachments going to be select.
]]></system-out>
    <system-err><![CDATA[----------->         null
Oct 16, 2018 11:22:11 AM org.openqa.selenium.remote.Augmenter extractRemoteWebDriver
WARNING: Augmenter should be applied to the instances of @Augmentable classes or previously augmented instances only (instance class was: class org.openqa.selenium.chrome.ChromeDriver)
File Path ==================D:\New Workspace\eSign\Resources\chromedriver_2_41.exe
Oct 16, 2018 11:22:14 AM org.openqa.selenium.remote.DesiredCapabilities chrome
INFO: Using `new ChromeOptions()` is preferred to `DesiredCapabilities.chrome()`
Starting ChromeDriver 2.41.578737 (49da6702b16031c40d63e5618de03a32ff6c197e) on port 32367
Only local connections are allowed.
Oct 16, 2018 11:22:16 AM org.openqa.selenium.remote.ProtocolHandshake createSession
INFO: Detected dialect: OSS
]]></system-err>
  </testcase>
</testsuite>